[2022-08-09 23:39:26,250] implicit-augment.py->main line:105 [INFO]Namespace(aug_model='NONE', data='./local_data', dataset='med', epochs=20, gpu='0', hyper_alpha=0.01, hyper_beta=0, hyper_est=True, hyper_gamma=0, hyper_iters=5, hyper_opt='NONE', hyper_steps=0, imbalance_ratio=1, log_interval=500, los_model='NONE', lr_cosine=True, lr_decay_epochs='150,175,195', lr_decay_rate=0.1, lr_warm=True, lr_warm_epochs=5, no_cuda=False, noise_ratio=0.0, overfit=False, oversplit=False, plot_debug=False, run_folder='run0', scale=1, subsample_ratio=1.0, workers=4)
[2022-08-09 23:39:28,690] implicit-augment.py->main line:302 [INFO]Valid/Train Split: 2383/9532
[2022-08-09 23:39:28,692] implicit-augment.py->main line:373 [INFO]Test/Valid/Train Split: 2319/2383/9532 out of total 11915 train images
[2022-08-09 23:39:29,650] implicit-augment.py->main line:422 [INFO]Run: ./local_data/med/run0/UNet_opt_NONE_est_True_aug_model_NONE_los_model_NONE_ir_1_sr_1.0_nr_0.0
[2022-08-09 23:39:29,650] implicit-augment.py->main line:429 [INFO]0% (0/20)
[2022-08-09 23:56:06,227] automodels.py->Med_innerTrain line:694 [INFO]Epoch: 0	 Inner Train loss: 0.7662, acc=0.7120, lr=0.000010	
[2022-08-09 23:57:31,733] automodels.py->Med_innerTest line:856 [INFO]Epoch: 0	 Test loss: 1.3070, score: 0.6123
[2022-08-09 23:57:31,734] implicit-augment.py->main line:455 [INFO]SAVING trained model at epoch 0 with 0.6123 Dice score
[2022-08-09 23:57:32,155] implicit-augment.py->main line:429 [INFO]5% (1/20)
[2022-08-10 00:14:56,195] automodels.py->Med_innerTrain line:694 [INFO]Epoch: 1	 Inner Train loss: 0.6743, acc=0.7503, lr=0.000010	
[2022-08-10 00:16:22,867] automodels.py->Med_innerTest line:856 [INFO]Epoch: 1	 Test loss: 1.1236, score: 0.6446
[2022-08-10 00:16:22,867] implicit-augment.py->main line:455 [INFO]SAVING trained model at epoch 1 with 0.6446 Dice score
[2022-08-10 00:16:23,282] implicit-augment.py->main line:429 [INFO]10% (2/20)
[2022-08-10 00:33:50,832] automodels.py->Med_innerTrain line:694 [INFO]Epoch: 2	 Inner Train loss: 0.6361, acc=0.7658, lr=0.000010	
[2022-08-10 00:35:17,450] automodels.py->Med_innerTest line:856 [INFO]Epoch: 2	 Test loss: 1.1602, score: 0.6443
[2022-08-10 00:35:17,451] implicit-augment.py->main line:429 [INFO]15% (3/20)
[2022-08-10 00:52:47,510] automodels.py->Med_innerTrain line:694 [INFO]Epoch: 3	 Inner Train loss: 0.6119, acc=0.7752, lr=0.000010	
[2022-08-10 00:54:14,238] automodels.py->Med_innerTest line:856 [INFO]Epoch: 3	 Test loss: 1.1748, score: 0.6170
[2022-08-10 00:54:14,239] implicit-augment.py->main line:429 [INFO]20% (4/20)
[2022-08-10 01:11:46,446] automodels.py->Med_innerTrain line:694 [INFO]Epoch: 4	 Inner Train loss: 0.5938, acc=0.7827, lr=0.000010	
[2022-08-10 01:13:13,321] automodels.py->Med_innerTest line:856 [INFO]Epoch: 4	 Test loss: 1.1483, score: 0.6546
[2022-08-10 01:13:13,322] implicit-augment.py->main line:455 [INFO]SAVING trained model at epoch 4 with 0.6546 Dice score
[2022-08-10 01:13:13,732] implicit-augment.py->main line:429 [INFO]25% (5/20)
[2022-08-10 01:30:38,212] automodels.py->Med_innerTrain line:694 [INFO]Epoch: 5	 Inner Train loss: 0.5854, acc=0.7855, lr=0.000010	
[2022-08-10 01:32:04,243] automodels.py->Med_innerTest line:856 [INFO]Epoch: 5	 Test loss: 1.1120, score: 0.6468
[2022-08-10 01:32:04,243] implicit-augment.py->main line:429 [INFO]30% (6/20)
[2022-08-10 01:49:23,638] automodels.py->Med_innerTrain line:694 [INFO]Epoch: 6	 Inner Train loss: 0.5699, acc=0.7915, lr=0.000010	
[2022-08-10 01:50:49,854] automodels.py->Med_innerTest line:856 [INFO]Epoch: 6	 Test loss: 1.1453, score: 0.6443
[2022-08-10 01:50:49,855] implicit-augment.py->main line:429 [INFO]35% (7/20)
[2022-08-10 02:08:17,457] automodels.py->Med_innerTrain line:694 [INFO]Epoch: 7	 Inner Train loss: 0.5633, acc=0.7940, lr=0.000010	
[2022-08-10 02:09:43,776] automodels.py->Med_innerTest line:856 [INFO]Epoch: 7	 Test loss: 1.0919, score: 0.6512
[2022-08-10 02:09:43,777] implicit-augment.py->main line:429 [INFO]40% (8/20)
[2022-08-10 02:27:06,226] automodels.py->Med_innerTrain line:694 [INFO]Epoch: 8	 Inner Train loss: 0.5530, acc=0.7980, lr=0.000010	
[2022-08-10 02:28:31,685] automodels.py->Med_innerTest line:856 [INFO]Epoch: 8	 Test loss: 1.0964, score: 0.6453
[2022-08-10 02:28:31,686] implicit-augment.py->main line:429 [INFO]45% (9/20)
[2022-08-10 02:46:01,287] automodels.py->Med_innerTrain line:694 [INFO]Epoch: 9	 Inner Train loss: 0.5498, acc=0.7993, lr=0.000010	
[2022-08-10 02:47:26,961] automodels.py->Med_innerTest line:856 [INFO]Epoch: 9	 Test loss: 1.0374, score: 0.6487
[2022-08-10 02:47:26,961] implicit-augment.py->main line:429 [INFO]50% (10/20)
[2022-08-10 03:04:49,044] automodels.py->Med_innerTrain line:694 [INFO]Epoch: 10	 Inner Train loss: 0.5415, acc=0.8022, lr=0.000010	
[2022-08-10 03:06:14,271] automodels.py->Med_innerTest line:856 [INFO]Epoch: 10	 Test loss: 1.0351, score: 0.6576
[2022-08-10 03:06:14,271] implicit-augment.py->main line:455 [INFO]SAVING trained model at epoch 10 with 0.6576 Dice score
[2022-08-10 03:06:14,681] implicit-augment.py->main line:429 [INFO]55% (11/20)
[2022-08-10 03:23:43,750] automodels.py->Med_innerTrain line:694 [INFO]Epoch: 11	 Inner Train loss: 0.5349, acc=0.8048, lr=0.000010	
[2022-08-10 03:25:10,105] automodels.py->Med_innerTest line:856 [INFO]Epoch: 11	 Test loss: 1.1329, score: 0.6425
[2022-08-10 03:25:10,105] implicit-augment.py->main line:429 [INFO]60% (12/20)
[2022-08-10 03:42:34,383] automodels.py->Med_innerTrain line:694 [INFO]Epoch: 12	 Inner Train loss: 0.5289, acc=0.8068, lr=0.000010	
[2022-08-10 03:43:59,934] automodels.py->Med_innerTest line:856 [INFO]Epoch: 12	 Test loss: 1.1538, score: 0.6397
[2022-08-10 03:43:59,935] implicit-augment.py->main line:429 [INFO]65% (13/20)
[2022-08-10 04:01:27,304] automodels.py->Med_innerTrain line:694 [INFO]Epoch: 13	 Inner Train loss: 0.5246, acc=0.8087, lr=0.000010	
[2022-08-10 04:02:54,139] automodels.py->Med_innerTest line:856 [INFO]Epoch: 13	 Test loss: 1.0728, score: 0.6637
[2022-08-10 04:02:54,139] implicit-augment.py->main line:455 [INFO]SAVING trained model at epoch 13 with 0.6637 Dice score
[2022-08-10 04:02:54,552] implicit-augment.py->main line:429 [INFO]70% (14/20)
[2022-08-10 04:20:18,193] automodels.py->Med_innerTrain line:694 [INFO]Epoch: 14	 Inner Train loss: 0.5222, acc=0.8093, lr=0.000010	
[2022-08-10 04:21:44,221] automodels.py->Med_innerTest line:856 [INFO]Epoch: 14	 Test loss: 1.2047, score: 0.6130
[2022-08-10 04:21:44,222] implicit-augment.py->main line:429 [INFO]75% (15/20)
[2022-08-10 04:39:09,089] automodels.py->Med_innerTrain line:694 [INFO]Epoch: 15	 Inner Train loss: 0.5173, acc=0.8111, lr=0.000010	
[2022-08-10 04:40:35,947] automodels.py->Med_innerTest line:856 [INFO]Epoch: 15	 Test loss: 1.0658, score: 0.6525
[2022-08-10 04:40:35,947] implicit-augment.py->main line:429 [INFO]80% (16/20)
[2022-08-10 04:58:00,702] automodels.py->Med_innerTrain line:694 [INFO]Epoch: 16	 Inner Train loss: 0.5123, acc=0.8133, lr=0.000010	
[2022-08-10 04:59:26,441] automodels.py->Med_innerTest line:856 [INFO]Epoch: 16	 Test loss: 1.2120, score: 0.6340
[2022-08-10 04:59:26,442] implicit-augment.py->main line:429 [INFO]85% (17/20)
[2022-08-10 05:16:46,991] automodels.py->Med_innerTrain line:694 [INFO]Epoch: 17	 Inner Train loss: 0.5083, acc=0.8149, lr=0.000010	
[2022-08-10 05:18:13,826] automodels.py->Med_innerTest line:856 [INFO]Epoch: 17	 Test loss: 1.1603, score: 0.6248
[2022-08-10 05:18:13,826] implicit-augment.py->main line:429 [INFO]90% (18/20)
[2022-08-10 05:35:43,837] automodels.py->Med_innerTrain line:694 [INFO]Epoch: 18	 Inner Train loss: 0.5036, acc=0.8163, lr=0.000010	
[2022-08-10 05:37:09,913] automodels.py->Med_innerTest line:856 [INFO]Epoch: 18	 Test loss: 1.1391, score: 0.6581
[2022-08-10 05:37:09,914] implicit-augment.py->main line:429 [INFO]95% (19/20)
[2022-08-10 05:54:29,135] automodels.py->Med_innerTrain line:694 [INFO]Epoch: 19	 Inner Train loss: 0.5007, acc=0.8179, lr=0.000010	
[2022-08-10 05:55:55,265] automodels.py->Med_innerTest line:856 [INFO]Epoch: 19	 Test loss: 1.0400, score: 0.6566
[2022-08-10 05:55:55,444] implicit-augment.py->main line:477 [INFO]save train history at: /home/rayeh/workspace/project/med/Med_AutoDO/picture/UNet_opt_NONE_est_True_aug_model_NONE_los_model_NONE_ir_1_sr_1.0_nr_0.0.jpg
[2022-08-10 05:55:55,444] implicit-augment.py->main line:479 [INFO]BEST trained model has 0.6637 Dice score
